INFO: [HLS 200-10] Running 'D:/Xilinx/Vitis_HLS/2022.2/bin/unwrapped/win64.o/vitis_hls.exe'
INFO: [HLS 200-10] For user 'SHAOQIAN' on host 'desktop-6cavdas' (Windows NT_amd64 version 6.2) on Mon Jul 31 10:59:03 +1000 2023
INFO: [HLS 200-10] In directory 'E:/xilinx_workspace/COMP4601/SkyNet-KV260/FPGA/HLS'
Sourcing Tcl script 'E:/xilinx_workspace/COMP4601/SkyNet-KV260/FPGA/HLS/model-vitis/200MHz-1/csim.tcl'
INFO: [HLS 200-1510] Running: source E:/xilinx_workspace/COMP4601/SkyNet-KV260/FPGA/HLS/model-vitis/200MHz-1/csim.tcl
INFO: [HLS 200-1510] Running: open_project model-vitis 
INFO: [HLS 200-10] Opening project 'E:/xilinx_workspace/COMP4601/SkyNet-KV260/FPGA/HLS/model-vitis'.
INFO: [HLS 200-1510] Running: set_top SkyNet 
INFO: [HLS 200-1510] Running: add_files net_hls.h 
INFO: [HLS 200-10] Adding design file 'net_hls.h' to the project
INFO: [HLS 200-1510] Running: add_files net_hls.cc 
INFO: [HLS 200-10] Adding design file 'net_hls.cc' to the project
INFO: [HLS 200-1510] Running: add_files dwconv3x3.cc 
INFO: [HLS 200-10] Adding design file 'dwconv3x3.cc' to the project
INFO: [HLS 200-1510] Running: add_files conv1x1.cc 
INFO: [HLS 200-10] Adding design file 'conv1x1.cc' to the project
INFO: [HLS 200-1510] Running: add_files -tb weights_floating.bin -cflags -Wno-unknown-pragmas -Wno-unknown-pragmas -Wno-unknown-pragmas -Wno-unknown-pragmas -Wno-unknown-pragmas -Wno-unknown-pragmas -Wno-unknown-pragmas -Wno-unknown-pragmas -Wno-unknown-pragmas -Wno-unknown-pragmas -Wno-unknown-pragmas -Wno-unknown-pragmas -Wno-unknown-pragmas -csimflags -Wno-unknown-pragmas 
INFO: [HLS 200-10] Adding test bench file 'weights_floating.bin' to the project
INFO: [HLS 200-1510] Running: add_files -tb tb.cc -cflags -Wno-unknown-pragmas -Wno-unknown-pragmas -Wno-unknown-pragmas -Wno-unknown-pragmas -Wno-unknown-pragmas -Wno-unknown-pragmas -Wno-unknown-pragmas -Wno-unknown-pragmas -Wno-unknown-pragmas -Wno-unknown-pragmas -Wno-unknown-pragmas -Wno-unknown-pragmas -Wno-unknown-pragmas -csimflags -Wno-unknown-pragmas 
INFO: [HLS 200-10] Adding test bench file 'tb.cc' to the project
INFO: [HLS 200-1510] Running: add_files -tb test_image_bins/stitched_8_11.bin -cflags -Wno-unknown-pragmas -Wno-unknown-pragmas -Wno-unknown-pragmas -Wno-unknown-pragmas -Wno-unknown-pragmas -Wno-unknown-pragmas -Wno-unknown-pragmas -Wno-unknown-pragmas -Wno-unknown-pragmas -Wno-unknown-pragmas -Wno-unknown-pragmas -Wno-unknown-pragmas -Wno-unknown-pragmas -csimflags -Wno-unknown-pragmas 
INFO: [HLS 200-10] Adding test bench file 'test_image_bins/stitched_8_11.bin' to the project
INFO: [HLS 200-1510] Running: add_files -tb test_image_bins/stitched_4_7.bin -cflags -Wno-unknown-pragmas -Wno-unknown-pragmas -Wno-unknown-pragmas -Wno-unknown-pragmas -Wno-unknown-pragmas -Wno-unknown-pragmas -Wno-unknown-pragmas -Wno-unknown-pragmas -Wno-unknown-pragmas -Wno-unknown-pragmas -Wno-unknown-pragmas -Wno-unknown-pragmas -Wno-unknown-pragmas -csimflags -Wno-unknown-pragmas 
INFO: [HLS 200-10] Adding test bench file 'test_image_bins/stitched_4_7.bin' to the project
INFO: [HLS 200-1510] Running: add_files -tb test_image_bins/stitched_0_3.bin -cflags -Wno-unknown-pragmas -Wno-unknown-pragmas -Wno-unknown-pragmas -Wno-unknown-pragmas -Wno-unknown-pragmas -Wno-unknown-pragmas -Wno-unknown-pragmas -Wno-unknown-pragmas -Wno-unknown-pragmas -Wno-unknown-pragmas -Wno-unknown-pragmas -Wno-unknown-pragmas -Wno-unknown-pragmas -csimflags -Wno-unknown-pragmas 
INFO: [HLS 200-10] Adding test bench file 'test_image_bins/stitched_0_3.bin' to the project
INFO: [HLS 200-1510] Running: add_files -tb reorder_weight.cc -cflags -Wno-unknown-pragmas -Wno-unknown-pragmas -Wno-unknown-pragmas -Wno-unknown-pragmas -Wno-unknown-pragmas -Wno-unknown-pragmas -Wno-unknown-pragmas -Wno-unknown-pragmas -Wno-unknown-pragmas -Wno-unknown-pragmas -Wno-unknown-pragmas -Wno-unknown-pragmas -Wno-unknown-pragmas -csimflags -Wno-unknown-pragmas 
INFO: [HLS 200-10] Adding test bench file 'reorder_weight.cc' to the project
INFO: [HLS 200-1510] Running: add_files -tb output_verify.cc -cflags -Wno-unknown-pragmas -Wno-unknown-pragmas -Wno-unknown-pragmas -Wno-unknown-pragmas -Wno-unknown-pragmas -Wno-unknown-pragmas -Wno-unknown-pragmas -Wno-unknown-pragmas -Wno-unknown-pragmas -Wno-unknown-pragmas -Wno-unknown-pragmas -Wno-unknown-pragmas -Wno-unknown-pragmas -csimflags -Wno-unknown-pragmas 
INFO: [HLS 200-10] Adding test bench file 'output_verify.cc' to the project
INFO: [HLS 200-1510] Running: add_files -tb golden_c.cc -cflags -Wno-unknown-pragmas -Wno-unknown-pragmas -Wno-unknown-pragmas -Wno-unknown-pragmas -Wno-unknown-pragmas -Wno-unknown-pragmas -Wno-unknown-pragmas -Wno-unknown-pragmas -Wno-unknown-pragmas -Wno-unknown-pragmas -Wno-unknown-pragmas -Wno-unknown-pragmas -Wno-unknown-pragmas -csimflags -Wno-unknown-pragmas 
INFO: [HLS 200-10] Adding test bench file 'golden_c.cc' to the project
INFO: [HLS 200-1510] Running: add_files -tb test_image_bins/9.bin -cflags -Wno-unknown-pragmas -Wno-unknown-pragmas -Wno-unknown-pragmas -Wno-unknown-pragmas -Wno-unknown-pragmas -Wno-unknown-pragmas -Wno-unknown-pragmas -Wno-unknown-pragmas -Wno-unknown-pragmas -Wno-unknown-pragmas -Wno-unknown-pragmas -Wno-unknown-pragmas -Wno-unknown-pragmas -csimflags -Wno-unknown-pragmas 
INFO: [HLS 200-10] Adding test bench file 'test_image_bins/9.bin' to the project
INFO: [HLS 200-1510] Running: add_files -tb test_image_bins/8.bin -cflags -Wno-unknown-pragmas -Wno-unknown-pragmas -Wno-unknown-pragmas -Wno-unknown-pragmas -Wno-unknown-pragmas -Wno-unknown-pragmas -Wno-unknown-pragmas -Wno-unknown-pragmas -Wno-unknown-pragmas -Wno-unknown-pragmas -Wno-unknown-pragmas -Wno-unknown-pragmas -Wno-unknown-pragmas -csimflags -Wno-unknown-pragmas 
INFO: [HLS 200-10] Adding test bench file 'test_image_bins/8.bin' to the project
INFO: [HLS 200-1510] Running: add_files -tb test_image_bins/7.bin -cflags -Wno-unknown-pragmas -Wno-unknown-pragmas -Wno-unknown-pragmas -Wno-unknown-pragmas -Wno-unknown-pragmas -Wno-unknown-pragmas -Wno-unknown-pragmas -Wno-unknown-pragmas -Wno-unknown-pragmas -Wno-unknown-pragmas -Wno-unknown-pragmas -Wno-unknown-pragmas -Wno-unknown-pragmas -csimflags -Wno-unknown-pragmas 
INFO: [HLS 200-10] Adding test bench file 'test_image_bins/7.bin' to the project
INFO: [HLS 200-1510] Running: add_files -tb test_image_bins/6.bin -cflags -Wno-unknown-pragmas -Wno-unknown-pragmas -Wno-unknown-pragmas -Wno-unknown-pragmas -Wno-unknown-pragmas -Wno-unknown-pragmas -Wno-unknown-pragmas -Wno-unknown-pragmas -Wno-unknown-pragmas -Wno-unknown-pragmas -Wno-unknown-pragmas -Wno-unknown-pragmas -Wno-unknown-pragmas -csimflags -Wno-unknown-pragmas 
INFO: [HLS 200-10] Adding test bench file 'test_image_bins/6.bin' to the project
INFO: [HLS 200-1510] Running: add_files -tb test_image_bins/5.bin -cflags -Wno-unknown-pragmas -Wno-unknown-pragmas -Wno-unknown-pragmas -Wno-unknown-pragmas -Wno-unknown-pragmas -Wno-unknown-pragmas -Wno-unknown-pragmas -Wno-unknown-pragmas -Wno-unknown-pragmas -Wno-unknown-pragmas -Wno-unknown-pragmas -Wno-unknown-pragmas -Wno-unknown-pragmas -csimflags -Wno-unknown-pragmas 
INFO: [HLS 200-10] Adding test bench file 'test_image_bins/5.bin' to the project
INFO: [HLS 200-1510] Running: add_files -tb test_image_bins/4.bin -cflags -Wno-unknown-pragmas -Wno-unknown-pragmas -Wno-unknown-pragmas -Wno-unknown-pragmas -Wno-unknown-pragmas -Wno-unknown-pragmas -Wno-unknown-pragmas -Wno-unknown-pragmas -Wno-unknown-pragmas -Wno-unknown-pragmas -Wno-unknown-pragmas -Wno-unknown-pragmas -Wno-unknown-pragmas -csimflags -Wno-unknown-pragmas 
INFO: [HLS 200-10] Adding test bench file 'test_image_bins/4.bin' to the project
INFO: [HLS 200-1510] Running: add_files -tb test_image_bins/3.bin -cflags -Wno-unknown-pragmas -Wno-unknown-pragmas -Wno-unknown-pragmas -Wno-unknown-pragmas -Wno-unknown-pragmas -Wno-unknown-pragmas -Wno-unknown-pragmas -Wno-unknown-pragmas -Wno-unknown-pragmas -Wno-unknown-pragmas -Wno-unknown-pragmas -Wno-unknown-pragmas -Wno-unknown-pragmas -csimflags -Wno-unknown-pragmas 
INFO: [HLS 200-10] Adding test bench file 'test_image_bins/3.bin' to the project
INFO: [HLS 200-1510] Running: add_files -tb test_image_bins/2.bin -cflags -Wno-unknown-pragmas -Wno-unknown-pragmas -Wno-unknown-pragmas -Wno-unknown-pragmas -Wno-unknown-pragmas -Wno-unknown-pragmas -Wno-unknown-pragmas -Wno-unknown-pragmas -Wno-unknown-pragmas -Wno-unknown-pragmas -Wno-unknown-pragmas -Wno-unknown-pragmas -Wno-unknown-pragmas -csimflags -Wno-unknown-pragmas 
INFO: [HLS 200-10] Adding test bench file 'test_image_bins/2.bin' to the project
INFO: [HLS 200-1510] Running: add_files -tb test_image_bins/11.bin -cflags -Wno-unknown-pragmas -Wno-unknown-pragmas -Wno-unknown-pragmas -Wno-unknown-pragmas -Wno-unknown-pragmas -Wno-unknown-pragmas -Wno-unknown-pragmas -Wno-unknown-pragmas -Wno-unknown-pragmas -Wno-unknown-pragmas -Wno-unknown-pragmas -Wno-unknown-pragmas -Wno-unknown-pragmas -csimflags -Wno-unknown-pragmas 
INFO: [HLS 200-10] Adding test bench file 'test_image_bins/11.bin' to the project
INFO: [HLS 200-1510] Running: add_files -tb test_image_bins/10.bin -cflags -Wno-unknown-pragmas -Wno-unknown-pragmas -Wno-unknown-pragmas -Wno-unknown-pragmas -Wno-unknown-pragmas -Wno-unknown-pragmas -Wno-unknown-pragmas -Wno-unknown-pragmas -Wno-unknown-pragmas -Wno-unknown-pragmas -Wno-unknown-pragmas -Wno-unknown-pragmas -Wno-unknown-pragmas -csimflags -Wno-unknown-pragmas 
INFO: [HLS 200-10] Adding test bench file 'test_image_bins/10.bin' to the project
INFO: [HLS 200-1510] Running: add_files -tb test_image_bins/1.bin -cflags -Wno-unknown-pragmas -Wno-unknown-pragmas -Wno-unknown-pragmas -Wno-unknown-pragmas -Wno-unknown-pragmas -Wno-unknown-pragmas -Wno-unknown-pragmas -Wno-unknown-pragmas -Wno-unknown-pragmas -Wno-unknown-pragmas -Wno-unknown-pragmas -Wno-unknown-pragmas -Wno-unknown-pragmas -csimflags -Wno-unknown-pragmas 
INFO: [HLS 200-10] Adding test bench file 'test_image_bins/1.bin' to the project
INFO: [HLS 200-1510] Running: add_files -tb test_image_bins/0.bin -cflags -Wno-unknown-pragmas -Wno-unknown-pragmas -Wno-unknown-pragmas -Wno-unknown-pragmas -Wno-unknown-pragmas -Wno-unknown-pragmas -Wno-unknown-pragmas -Wno-unknown-pragmas -Wno-unknown-pragmas -Wno-unknown-pragmas -Wno-unknown-pragmas -Wno-unknown-pragmas -Wno-unknown-pragmas -csimflags -Wno-unknown-pragmas 
INFO: [HLS 200-10] Adding test bench file 'test_image_bins/0.bin' to the project
INFO: [HLS 200-1510] Running: open_solution 200MHz-1 -flow_target vivado 
INFO: [HLS 200-10] Opening solution 'E:/xilinx_workspace/COMP4601/SkyNet-KV260/FPGA/HLS/model-vitis/200MHz-1'.
INFO: [SYN 201-201] Setting up clock 'default' with a period of 5ns.
INFO: [HLS 200-1611] Setting target device to 'xck26-sfvc784-2LV-c'
INFO: [HLS 200-1505] Using flow_target 'vivado'
Resolution: For help on HLS 200-1505 see www.xilinx.com/cgi-bin/docs/rdoc?v=2022.2;t=hls+guidance;d=200-1505.html
INFO: [HLS 200-1464] Running solution command: config_export -flow=syn
INFO: [HLS 200-1464] Running solution command: config_export -format=ip_catalog
INFO: [HLS 200-1464] Running solution command: config_export -rtl=verilog
INFO: [HLS 200-1464] Running solution command: config_export -vivado_clock=5
INFO: [HLS 200-1464] Running solution command: config_interface -m_axi_buffer_impl=lutram
INFO: [HLS 200-1510] Running: set_part xck26-sfvc784-2LV-c 
INFO: [HLS 200-1510] Running: create_clock -period 5 -name default 
INFO: [HLS 200-1510] Running: config_export -flow syn -format ip_catalog -rtl verilog -vivado_clock 5 
INFO: [HLS 200-1510] Running: config_interface -m_axi_buffer_impl lutram 
INFO: [HLS 200-1510] Running: source ./model-vitis/200MHz-1/directives.tcl
INFO: [HLS 200-1510] Running: set_directive_top -name SkyNet SkyNet 
INFO: [HLS 200-1510] Running: set_directive_bind_storage -impl uram -type ram_2p SkyNet FM_buf_acc 
INFO: [HLS 200-1510] Running: set_directive_bind_storage -impl lutram -type ram_2p SkyNet weight_buf_1x1 
INFO: [HLS 200-1510] Running: set_directive_bind_storage -impl lutram -type ram_2p SkyNet weight_buf_3x3 
INFO: [HLS 200-1510] Running: set_directive_bind_storage -impl bram -type ram_2p SkyNet FM_buf_1 
INFO: [HLS 200-1510] Running: set_directive_bind_storage -impl bram -type ram_2p SkyNet FM_buf_2 
INFO: [HLS 200-1510] Running: set_directive_bind_storage -impl bram -type ram_2p SkyNet FM_buf_3 
INFO: [HLS 200-1510] Running: set_directive_bind_storage -impl bram -type ram_2p SkyNet FM_buf_4 
INFO: [HLS 200-1510] Running: set_directive_array_partition -type cyclic -dim 2 -factor 2 SkyNet FM_buf_1 
INFO: [HLS 200-1510] Running: set_directive_array_partition -type cyclic -dim 2 -factor 2 SkyNet FM_buf_2 
INFO: [HLS 200-1510] Running: set_directive_array_partition -type cyclic -dim 2 -factor 2 SkyNet FM_buf_3 
INFO: [HLS 200-1510] Running: set_directive_array_partition -type cyclic -dim 2 -factor 2 SkyNet FM_buf_4 
INFO: [HLS 200-1510] Running: csim_design -ldflags -Wl,--stack,10485670 -quiet 
Running Dispatch Server on port: 52850
INFO: [SIM 211-2] *************** CSIM start ***************
INFO: [SIM 211-4] CSIM will launch GCC as the compiler.
   Compiling ../../../../golden_c.cc in debug mode
   Compiling ../../../../output_verify.cc in debug mode
   Compiling ../../../../reorder_weight.cc in debug mode
   Compiling ../../../../tb.cc in debug mode
   Compiling ../../../../conv1x1.cc in debug mode
   Compiling ../../../../dwconv3x3.cc in debug mode
   Compiling ../../../../net_hls.cc in debug mode
   Generating csim.exe
In file included from D:/Xilinx/Vitis_HLS/2022.2/include/floating_point_v7_1_bitacc_cmodel.h:149:0,
                 from D:/Xilinx/Vitis_HLS/2022.2/include/hls_fpo.h:143,
                 from D:/Xilinx/Vitis_HLS/2022.2/include/hls_half_fpo.h:18,
                 from D:/Xilinx/Vitis_HLS/2022.2/include/hls_half.h:25,
                 from D:/Xilinx/Vitis_HLS/2022.2/include/etc/ap_private.h:52,
                 from D:/Xilinx/Vitis_HLS/2022.2/include/ap_common.h:666,
                 from D:/Xilinx/Vitis_HLS/2022.2/include/ap_fixed.h:9,
                 from ../../../../net_hls.h:4,
                 from ../../../../golden_c.cc:2:
D:/Xilinx/Vitis_HLS/2022.2/include/gmp.h:58:0: warning: "__GMP_LIBGMP_DLL" redefined
 #define __GMP_LIBGMP_DLL  0
 
In file included from D:/Xilinx/Vitis_HLS/2022.2/include/hls_fpo.h:143:0,
                 from D:/Xilinx/Vitis_HLS/2022.2/include/hls_half_fpo.h:18,
                 from D:/Xilinx/Vitis_HLS/2022.2/include/hls_half.h:25,
                 from D:/Xilinx/Vitis_HLS/2022.2/include/etc/ap_private.h:52,
                 from D:/Xilinx/Vitis_HLS/2022.2/include/ap_common.h:666,
                 from D:/Xilinx/Vitis_HLS/2022.2/include/ap_fixed.h:9,
                 from ../../../../net_hls.h:4,
                 from ../../../../golden_c.cc:2:
D:/Xilinx/Vitis_HLS/2022.2/include/floating_point_v7_1_bitacc_cmodel.h:141:0: note: this is the location of the previous definition
 #define __GMP_LIBGMP_DLL 1
 
In file included from D:/Xilinx/Vitis_HLS/2022.2/include/floating_point_v7_1_bitacc_cmodel.h:149:0,
                 from D:/Xilinx/Vitis_HLS/2022.2/include/hls_fpo.h:143,
                 from D:/Xilinx/Vitis_HLS/2022.2/include/hls_half_fpo.h:18,
                 from D:/Xilinx/Vitis_HLS/2022.2/include/hls_half.h:25,
                 from D:/Xilinx/Vitis_HLS/2022.2/include/etc/ap_private.h:52,
                 from D:/Xilinx/Vitis_HLS/2022.2/include/ap_common.h:666,
                 from D:/Xilinx/Vitis_HLS/2022.2/include/ap_fixed.h:9,
                 from ../../../../net_hls.h:4,
                 from ../../../../output_verify.cc:2:
D:/Xilinx/Vitis_HLS/2022.2/include/gmp.h:58:0: warning: "__GMP_LIBGMP_DLL" redefined
 #define __GMP_LIBGMP_DLL  0
 
In file included from D:/Xilinx/Vitis_HLS/2022.2/include/hls_fpo.h:143:0,
                 from D:/Xilinx/Vitis_HLS/2022.2/include/hls_half_fpo.h:18,
                 from D:/Xilinx/Vitis_HLS/2022.2/include/hls_half.h:25,
                 from D:/Xilinx/Vitis_HLS/2022.2/include/etc/ap_private.h:52,
                 from D:/Xilinx/Vitis_HLS/2022.2/include/ap_common.h:666,
                 from D:/Xilinx/Vitis_HLS/2022.2/include/ap_fixed.h:9,
                 from ../../../../net_hls.h:4,
                 from ../../../../output_verify.cc:2:
D:/Xilinx/Vitis_HLS/2022.2/include/floating_point_v7_1_bitacc_cmodel.h:141:0: note: this is the location of the previous definition
 #define __GMP_LIBGMP_DLL 1
 
../../../../output_verify.cc: In function 'void PL_golden_compare_dw1_conv3x3()':
../../../../output_verify.cc:273:19: warning: ISO C++ forbids converting a string constant to 'char*' [-Wwrite-strings]
  char* filename = "Comp_dw1_conv3x3";
                   ^~~~~~~~~~~~~~~~~~
../../../../output_verify.cc: In function 'void PL_golden_compare_dw1_conv1x1()':
../../../../output_verify.cc:298:19: warning: ISO C++ forbids converting a string constant to 'char*' [-Wwrite-strings]
  char* filename = "Comp_dw1_conv1x1";
                   ^~~~~~~~~~~~~~~~~~
../../../../output_verify.cc: In function 'void PL_golden_compare_dw1_pool()':
../../../../output_verify.cc:323:19: warning: ISO C++ forbids converting a string constant to 'char*' [-Wwrite-strings]
  char* filename = "Comp_dw1_pool";
                   ^~~~~~~~~~~~~~~
../../../../output_verify.cc: In function 'void PL_golden_compare_dw2_conv3x3()':
../../../../output_verify.cc:348:19: warning: ISO C++ forbids converting a string constant to 'char*' [-Wwrite-strings]
  char* filename = "Comp_dw2_conv3x3";
                   ^~~~~~~~~~~~~~~~~~
../../../../output_verify.cc: In function 'void PL_golden_compare_dw2_conv1x1()':
../../../../output_verify.cc:373:19: warning: ISO C++ forbids converting a string constant to 'char*' [-Wwrite-strings]
  char* filename = "Comp_dw2_conv1x1";
                   ^~~~~~~~~~~~~~~~~~
../../../../output_verify.cc: In function 'void PL_golden_compare_dw2_pool()':
../../../../output_verify.cc:398:19: warning: ISO C++ forbids converting a string constant to 'char*' [-Wwrite-strings]
  char* filename = "Comp_dw2_pool";
                   ^~~~~~~~~~~~~~~
../../../../output_verify.cc: In function 'void PL_golden_compare_dw3_conv3x3()':
../../../../output_verify.cc:425:19: warning: ISO C++ forbids converting a string constant to 'char*' [-Wwrite-strings]
  char* filename = "Comp_dw3_conv3x3";
                   ^~~~~~~~~~~~~~~~~~
../../../../output_verify.cc: In function 'void PL_golden_compare_dw3_conv1x1()':
../../../../output_verify.cc:450:19: warning: ISO C++ forbids converting a string constant to 'char*' [-Wwrite-strings]
  char* filename = "Comp_dw3_conv1x1";
                   ^~~~~~~~~~~~~~~~~~
../../../../output_verify.cc: In function 'void PL_golden_compare_dw3_pool()':
../../../../output_verify.cc:475:19: warning: ISO C++ forbids converting a string constant to 'char*' [-Wwrite-strings]
  char* filename = "Comp_dw3_pool";
                   ^~~~~~~~~~~~~~~
../../../../output_verify.cc: In function 'void PL_golden_compare_dw4_conv3x3()':
../../../../output_verify.cc:500:19: warning: ISO C++ forbids converting a string constant to 'char*' [-Wwrite-strings]
  char* filename = "Comp_dw4_conv3x3";
                   ^~~~~~~~~~~~~~~~~~
../../../../output_verify.cc: In function 'void PL_golden_compare_dw4_conv1x1()':
../../../../output_verify.cc:529:19: warning: ISO C++ forbids converting a string constant to 'char*' [-Wwrite-strings]
  char* filename = "Comp_dw4_conv1x1";
                   ^~~~~~~~~~~~~~~~~~
../../../../output_verify.cc: In function 'void PL_golden_compare_dw5_conv3x3()':
../../../../output_verify.cc:555:19: warning: ISO C++ forbids converting a string constant to 'char*' [-Wwrite-strings]
  char* filename = "Comp_dw5_conv3x3";
                   ^~~~~~~~~~~~~~~~~~
../../../../output_verify.cc: In function 'void PL_golden_compare_dw5_conv1x1()':
../../../../output_verify.cc:580:19: warning: ISO C++ forbids converting a string constant to 'char*' [-Wwrite-strings]
  char* filename = "Comp_dw5_conv1x1";
                   ^~~~~~~~~~~~~~~~~~
../../../../output_verify.cc: In function 'void PL_golden_compare_dw6_conv3x3()':
../../../../output_verify.cc:605:19: warning: ISO C++ forbids converting a string constant to 'char*' [-Wwrite-strings]
  char* filename = "Comp_dw6_conv3x3";
                   ^~~~~~~~~~~~~~~~~~
../../../../output_verify.cc: In function 'void PL_golden_compare_dw6_conv1x1()':
../../../../output_verify.cc:631:19: warning: ISO C++ forbids converting a string constant to 'char*' [-Wwrite-strings]
  char* filename = "Comp_dw6_conv1x1";
                   ^~~~~~~~~~~~~~~~~~
../../../../output_verify.cc: In function 'void PL_golden_compare_pw7_conv1x1()':
../../../../output_verify.cc:658:19: warning: ISO C++ forbids converting a string constant to 'char*' [-Wwrite-strings]
  char* filename = "Comp_pw7_conv1x1";
                   ^~~~~~~~~~~~~~~~~~
In file included from D:/Xilinx/Vitis_HLS/2022.2/include/floating_point_v7_1_bitacc_cmodel.h:149:0,
                 from D:/Xilinx/Vitis_HLS/2022.2/include/hls_fpo.h:143,
                 from D:/Xilinx/Vitis_HLS/2022.2/include/hls_half_fpo.h:18,
                 from D:/Xilinx/Vitis_HLS/2022.2/include/hls_half.h:25,
                 from D:/Xilinx/Vitis_HLS/2022.2/include/etc/ap_private.h:52,
                 from D:/Xilinx/Vitis_HLS/2022.2/include/ap_common.h:666,
                 from D:/Xilinx/Vitis_HLS/2022.2/include/ap_fixed.h:9,
                 from ../../../../reorder_weight.cc:7:
D:/Xilinx/Vitis_HLS/2022.2/include/gmp.h:58:0: warning: "__GMP_LIBGMP_DLL" redefined
 #define __GMP_LIBGMP_DLL  0
 
In file included from D:/Xilinx/Vitis_HLS/2022.2/include/hls_fpo.h:143:0,
                 from D:/Xilinx/Vitis_HLS/2022.2/include/hls_half_fpo.h:18,
                 from D:/Xilinx/Vitis_HLS/2022.2/include/hls_half.h:25,
                 from D:/Xilinx/Vitis_HLS/2022.2/include/etc/ap_private.h:52,
                 from D:/Xilinx/Vitis_HLS/2022.2/include/ap_common.h:666,
                 from D:/Xilinx/Vitis_HLS/2022.2/include/ap_fixed.h:9,
                 from ../../../../reorder_weight.cc:7:
D:/Xilinx/Vitis_HLS/2022.2/include/floating_point_v7_1_bitacc_cmodel.h:141:0: note: this is the location of the previous definition
 #define __GMP_LIBGMP_DLL 1
 
In file included from D:/Xilinx/Vitis_HLS/2022.2/include/floating_point_v7_1_bitacc_cmodel.h:149:0,
                 from D:/Xilinx/Vitis_HLS/2022.2/include/hls_fpo.h:143,
                 from D:/Xilinx/Vitis_HLS/2022.2/include/hls_half_fpo.h:18,
                 from D:/Xilinx/Vitis_HLS/2022.2/include/hls_half.h:25,
                 from D:/Xilinx/Vitis_HLS/2022.2/include/etc/ap_private.h:52,
                 from D:/Xilinx/Vitis_HLS/2022.2/include/ap_common.h:666,
                 from D:/Xilinx/Vitis_HLS/2022.2/include/ap_fixed.h:9,
                 from ../../../../net_hls.h:4,
                 from ../../../../tb.cc:2:
D:/Xilinx/Vitis_HLS/2022.2/include/gmp.h:58:0: warning: "__GMP_LIBGMP_DLL" redefined
 #define __GMP_LIBGMP_DLL  0
 
In file included from D:/Xilinx/Vitis_HLS/2022.2/include/hls_fpo.h:143:0,
                 from D:/Xilinx/Vitis_HLS/2022.2/include/hls_half_fpo.h:18,
                 from D:/Xilinx/Vitis_HLS/2022.2/include/hls_half.h:25,
                 from D:/Xilinx/Vitis_HLS/2022.2/include/etc/ap_private.h:52,
                 from D:/Xilinx/Vitis_HLS/2022.2/include/ap_common.h:666,
                 from D:/Xilinx/Vitis_HLS/2022.2/include/ap_fixed.h:9,
                 from ../../../../net_hls.h:4,
                 from ../../../../tb.cc:2:
D:/Xilinx/Vitis_HLS/2022.2/include/floating_point_v7_1_bitacc_cmodel.h:141:0: note: this is the location of the previous definition
 #define __GMP_LIBGMP_DLL 1
 
../../../../tb.cc: In function 'int main()':
../../../../tb.cc:469:71: warning: ISO C++ forbids converting a string constant to 'char*' [-Wwrite-strings]
  test_one_group("0.bin", "1.bin", "2.bin", "3.bin", "stitched_0_3.bin");
                                                                       ^
../../../../tb.cc:469:71: warning: ISO C++ forbids converting a string constant to 'char*' [-Wwrite-strings]
../../../../tb.cc:469:71: warning: ISO C++ forbids converting a string constant to 'char*' [-Wwrite-strings]
../../../../tb.cc:469:71: warning: ISO C++ forbids converting a string constant to 'char*' [-Wwrite-strings]
../../../../tb.cc:469:71: warning: ISO C++ forbids converting a string constant to 'char*' [-Wwrite-strings]
In file included from D:/Xilinx/Vitis_HLS/2022.2/include/floating_point_v7_1_bitacc_cmodel.h:149:0,
                 from D:/Xilinx/Vitis_HLS/2022.2/include/hls_fpo.h:143,
                 from D:/Xilinx/Vitis_HLS/2022.2/include/hls_half_fpo.h:18,
                 from D:/Xilinx/Vitis_HLS/2022.2/include/hls_half.h:25,
                 from D:/Xilinx/Vitis_HLS/2022.2/include/etc/ap_private.h:52,
                 from D:/Xilinx/Vitis_HLS/2022.2/include/ap_common.h:666,
                 from D:/Xilinx/Vitis_HLS/2022.2/include/ap_fixed.h:9,
                 from ../../../../net_hls.h:4,
                 from ../../../../conv1x1.cc:5:
D:/Xilinx/Vitis_HLS/2022.2/include/gmp.h:58:0: warning: "__GMP_LIBGMP_DLL" redefined
 #define __GMP_LIBGMP_DLL  0
 
In file included from D:/Xilinx/Vitis_HLS/2022.2/include/hls_fpo.h:143:0,
                 from D:/Xilinx/Vitis_HLS/2022.2/include/hls_half_fpo.h:18,
                 from D:/Xilinx/Vitis_HLS/2022.2/include/hls_half.h:25,
                 from D:/Xilinx/Vitis_HLS/2022.2/include/etc/ap_private.h:52,
                 from D:/Xilinx/Vitis_HLS/2022.2/include/ap_common.h:666,
                 from D:/Xilinx/Vitis_HLS/2022.2/include/ap_fixed.h:9,
                 from ../../../../net_hls.h:4,
                 from ../../../../conv1x1.cc:5:
D:/Xilinx/Vitis_HLS/2022.2/include/floating_point_v7_1_bitacc_cmodel.h:141:0: note: this is the location of the previous definition
 #define __GMP_LIBGMP_DLL 1
 
In file included from D:/Xilinx/Vitis_HLS/2022.2/include/floating_point_v7_1_bitacc_cmodel.h:149:0,
                 from D:/Xilinx/Vitis_HLS/2022.2/include/hls_fpo.h:143,
                 from D:/Xilinx/Vitis_HLS/2022.2/include/hls_half_fpo.h:18,
                 from D:/Xilinx/Vitis_HLS/2022.2/include/hls_half.h:25,
                 from D:/Xilinx/Vitis_HLS/2022.2/include/etc/ap_private.h:52,
                 from D:/Xilinx/Vitis_HLS/2022.2/include/ap_common.h:666,
                 from D:/Xilinx/Vitis_HLS/2022.2/include/ap_fixed.h:9,
                 from ../../../../net_hls.h:4,
                 from ../../../../dwconv3x3.cc:5:
D:/Xilinx/Vitis_HLS/2022.2/include/gmp.h:58:0: warning: "__GMP_LIBGMP_DLL" redefined
 #define __GMP_LIBGMP_DLL  0
 
In file included from D:/Xilinx/Vitis_HLS/2022.2/include/hls_fpo.h:143:0,
                 from D:/Xilinx/Vitis_HLS/2022.2/include/hls_half_fpo.h:18,
                 from D:/Xilinx/Vitis_HLS/2022.2/include/hls_half.h:25,
                 from D:/Xilinx/Vitis_HLS/2022.2/include/etc/ap_private.h:52,
                 from D:/Xilinx/Vitis_HLS/2022.2/include/ap_common.h:666,
                 from D:/Xilinx/Vitis_HLS/2022.2/include/ap_fixed.h:9,
                 from ../../../../net_hls.h:4,
                 from ../../../../dwconv3x3.cc:5:
D:/Xilinx/Vitis_HLS/2022.2/include/floating_point_v7_1_bitacc_cmodel.h:141:0: note: this is the location of the previous definition
 #define __GMP_LIBGMP_DLL 1
 
In file included from D:/Xilinx/Vitis_HLS/2022.2/include/floating_point_v7_1_bitacc_cmodel.h:149:0,
                 from D:/Xilinx/Vitis_HLS/2022.2/include/hls_fpo.h:143,
                 from D:/Xilinx/Vitis_HLS/2022.2/include/hls_half_fpo.h:18,
                 from D:/Xilinx/Vitis_HLS/2022.2/include/hls_half.h:25,
                 from D:/Xilinx/Vitis_HLS/2022.2/include/etc/ap_private.h:52,
                 from D:/Xilinx/Vitis_HLS/2022.2/include/ap_common.h:666,
                 from D:/Xilinx/Vitis_HLS/2022.2/include/ap_fixed.h:9,
                 from ../../../../net_hls.h:4,
                 from ../../../../net_hls.cc:1:
D:/Xilinx/Vitis_HLS/2022.2/include/gmp.h:58:0: warning: "__GMP_LIBGMP_DLL" redefined
 #define __GMP_LIBGMP_DLL  0
 
In file included from D:/Xilinx/Vitis_HLS/2022.2/include/hls_fpo.h:143:0,
                 from D:/Xilinx/Vitis_HLS/2022.2/include/hls_half_fpo.h:18,
                 from D:/Xilinx/Vitis_HLS/2022.2/include/hls_half.h:25,
                 from D:/Xilinx/Vitis_HLS/2022.2/include/etc/ap_private.h:52,
                 from D:/Xilinx/Vitis_HLS/2022.2/include/ap_common.h:666,
                 from D:/Xilinx/Vitis_HLS/2022.2/include/ap_fixed.h:9,
                 from ../../../../net_hls.h:4,
                 from ../../../../net_hls.cc:1:
D:/Xilinx/Vitis_HLS/2022.2/include/floating_point_v7_1_bitacc_cmodel.h:141:0: note: this is the location of the previous definition
 #define __GMP_LIBGMP_DLL 1
 
Testing on image 0.jpg to 3.jpg
0.534365 0.516247 0.124968 0.287927 0.885395 
302 134 381 237
0.506347 0.607424 0.060964 0.144914 0.793290 
304 192 343 244
0.883464 0.675567 0.022944 0.055359 0.740553 
558 233 572 253
0.391212 0.518364 0.032919 0.152036 0.858522 
239 159 260 213
DW1 Done
DW2 Done
DW3 Done
DW4 Done
DW5 Done
DW6 Done
PW7 Done
PL Outputs:
Image ID 0
0.533496 0.519246 0.109709 0.282472 0.862930
boxes: 306 136 376 237
Image ID 1
0.470483 0.416126 0.033220 0.119851 0.778649
boxes: 290 128 311 171
Image ID 2
0.882705 0.676852 0.024978 0.060975 0.735642
boxes: 556 232 572 254
Image ID 3
0.390835 0.520603 0.033743 0.162541 0.851953
boxes: 239 158 260 216
INFO: [SIM 211-1] CSim done with 0 errors.
INFO: [SIM 211-3] *************** CSIM finish ***************
INFO: [HLS 200-111] Finished Command csim_design CPU user time: 0 seconds. CPU system time: 0 seconds. Elapsed time: 1219.23 seconds; current allocated memory: 1.234 MB.
INFO: [HLS 200-112] Total CPU user time: 2 seconds. Total CPU system time: 1 seconds. Total elapsed time: 1232.38 seconds; peak allocated memory: 648.809 MB.
