INFO: Applying HLS Y2K22 patch v1.2 for IP revision
INFO: [HLS 200-10] Running 'C:/Xilinx/Vivado/2020.1/bin/unwrapped/win64.o/vivado_hls.exe'
INFO: [HLS 200-10] For user 'sushi' on host 'desktop-gc4g1cs' (Windows NT_amd64 version 6.2) on Sat Jul 29 11:14:46 +1000 2023
INFO: [HLS 200-10] In directory 'C:/comp4601/SkyNet-KV260/FPGA/HLS-VIVADO'
Sourcing Tcl script 'C:/comp4601/SkyNet-KV260/FPGA/HLS-VIVADO/model3/solution1/csim.tcl'
INFO: [HLS 200-10] Opening project 'C:/comp4601/SkyNet-KV260/FPGA/HLS-VIVADO/model3'.
INFO: [HLS 200-10] Opening solution 'C:/comp4601/SkyNet-KV260/FPGA/HLS-VIVADO/model3/solution1'.
INFO: [SYN 201-201] Setting up clock 'default' with a period of 10ns.
INFO: [HLS 200-10] Setting target device to 'xqzu5ev-ffrb900-1-i'
INFO: [HLS 200-435] Setting 'config_sdx -optimization_level' configuration: config_export -vivado_optimization_level=2
INFO: [HLS 200-435] Setting 'config_sdx -target' configuration: config_export -vivado_optimization_level=2
INFO: [HLS 200-435] Setting 'config_sdx -target' configuration: set_clock_uncertainty default
INFO: [SYN 201-201] Setting up clock 'default' with an uncertainty of 1.25ns.
INFO: [SIM 211-2] *************** CSIM start ***************
INFO: [SIM 211-4] CSIM will launch GCC as the compiler.
make: 'csim.exe' is up to date.
Testing on image 0.jpg to 3.jpg
0.534365 0.516247 0.124968 0.287927 0.885395 
302 134 381 237
0.506347 0.607424 0.060964 0.144914 0.793290 
304 192 343 244
0.883464 0.675567 0.022944 0.055359 0.740553 
558 233 572 253
0.391212 0.518364 0.032919 0.152036 0.858522 
239 159 260 213
DW1 Done
DW2 Done
DW3 Done
DW4 Done
DW5 Done
DW6 Done
PW7 Done
PL Outputs:
Image ID 0
0.533496 0.519246 0.109709 0.282472 0.862930
boxes: 306 136 376 237
Image ID 1
0.470483 0.416126 0.033220 0.119851 0.778649
boxes: 290 128 311 171
Image ID 2
0.882705 0.676852 0.024978 0.060975 0.735642
boxes: 556 232 572 254
Image ID 3
0.390835 0.520603 0.033743 0.162541 0.851953
boxes: 239 158 260 216
INFO: [SIM 211-1] CSim done with 0 errors.
INFO: [SIM 211-3] *************** CSIM finish ***************
